2020-07-23 10:16:29 [scrapy.utils.log] INFO: Scrapy 1.8.0 started (bot: bingbot)
2020-07-23 10:16:29 [scrapy.utils.log] INFO: Versions: lxml 4.3.2.0, libxml2 2.9.9, cssselect 1.1.0, parsel 1.6.0, w3lib 1.22.0, Twisted 20.3.0, Python 2.7.16 |Anaconda, Inc.| (default, Mar 14 2019, 21:00:58) - [GCC 7.3.0], pyOpenSSL 19.0.0 (OpenSSL 1.1.1b  26 Feb 2019), cryptography 2.6.1, Platform Linux-4.15.0-36-generic-x86_64-with-debian-buster-sid
2020-07-23 10:22:02 [scrapy.utils.log] INFO: Scrapy 1.8.0 started (bot: bingbot)
2020-07-23 10:22:02 [scrapy.utils.log] INFO: Versions: lxml 4.3.2.0, libxml2 2.9.9, cssselect 1.1.0, parsel 1.6.0, w3lib 1.22.0, Twisted 20.3.0, Python 2.7.16 |Anaconda, Inc.| (default, Mar 14 2019, 21:00:58) - [GCC 7.3.0], pyOpenSSL 19.0.0 (OpenSSL 1.1.1b  26 Feb 2019), cryptography 2.6.1, Platform Linux-4.15.0-36-generic-x86_64-with-debian-buster-sid
2020-07-23 10:22:02 [scrapy.crawler] INFO: Overridden settings: {'NEWSPIDER_MODULE': 'OMIMCrawler.spiders', 'ROBOTSTXT_OBEY': True, 'CONCURRENT_REQUESTS': 6, 'SPIDER_MODULES': ['OMIMCrawler.spiders'], 'BOT_NAME': 'bingbot', 'COOKIES_ENABLED': False, 'USER_AGENT': 'bingbot (+https://www.bing.com/bingbot.htm)', 'LOG_FILE': 'scrapy.log', 'DOWNLOAD_DELAY': 10}
2020-07-23 10:22:02 [scrapy.extensions.telnet] INFO: Telnet Password: c2a83341c782d767
2020-07-23 10:22:02 [scrapy.middleware] INFO: Enabled extensions:
['scrapy.extensions.memusage.MemoryUsage',
 'scrapy.extensions.logstats.LogStats',
 'scrapy.extensions.telnet.TelnetConsole',
 'scrapy.extensions.corestats.CoreStats']
2020-07-23 10:22:02 [scrapy.middleware] INFO: Enabled downloader middlewares:
['scrapy.downloadermiddlewares.robotstxt.RobotsTxtMiddleware',
 'scrapy.downloadermiddlewares.httpauth.HttpAuthMiddleware',
 'scrapy.downloadermiddlewares.downloadtimeout.DownloadTimeoutMiddleware',
 'scrapy.downloadermiddlewares.defaultheaders.DefaultHeadersMiddleware',
 'scrapy.downloadermiddlewares.useragent.UserAgentMiddleware',
 'scrapy.downloadermiddlewares.retry.RetryMiddleware',
 'scrapy.downloadermiddlewares.redirect.MetaRefreshMiddleware',
 'scrapy.downloadermiddlewares.httpcompression.HttpCompressionMiddleware',
 'scrapy.downloadermiddlewares.redirect.RedirectMiddleware',
 'scrapy.downloadermiddlewares.httpproxy.HttpProxyMiddleware',
 'scrapy.downloadermiddlewares.stats.DownloaderStats']
2020-07-23 10:22:02 [scrapy.middleware] INFO: Enabled spider middlewares:
['scrapy.spidermiddlewares.httperror.HttpErrorMiddleware',
 'scrapy.spidermiddlewares.offsite.OffsiteMiddleware',
 'scrapy.spidermiddlewares.referer.RefererMiddleware',
 'scrapy.spidermiddlewares.urllength.UrlLengthMiddleware',
 'scrapy.spidermiddlewares.depth.DepthMiddleware']
2020-07-23 10:22:02 [scrapy.middleware] INFO: Enabled item pipelines:
['OMIMCrawler.pipelines.OmimcrawlerPipeline']
2020-07-23 10:22:02 [scrapy.core.engine] INFO: Spider opened
2020-07-23 10:22:02 [scrapy.extensions.logstats] INFO: Crawled 0 pages (at 0 pages/min), scraped 0 items (at 0 items/min)
2020-07-23 10:22:02 [scrapy.extensions.telnet] INFO: Telnet console listening on 127.0.0.1:6023
2020-07-23 10:22:02 [scrapy.downloadermiddlewares.redirect] DEBUG: Redirecting (301) to <GET https://omim.org/robots.txt> from <GET http://omim.org/robots.txt>
2020-07-23 10:22:14 [scrapy.core.engine] DEBUG: Crawled (200) <GET https://omim.org/robots.txt> (referer: None)
2020-07-23 10:22:14 [protego] DEBUG: Rule at line 29 without any user agent to enforce it on.
2020-07-23 10:22:22 [scrapy.downloadermiddlewares.redirect] DEBUG: Redirecting (301) to <GET https://omim.org/> from <GET http://omim.org>
2020-07-23 10:22:22 [scrapy.downloadermiddlewares.robotstxt] DEBUG: Forbidden by robots.txt: <GET https://omim.org/>
2020-07-23 10:22:22 [scrapy.core.engine] INFO: Closing spider (finished)
2020-07-23 10:22:22 [scrapy.statscollectors] INFO: Dumping Scrapy stats:
{'downloader/exception_count': 1,
 'downloader/exception_type_count/scrapy.exceptions.IgnoreRequest': 1,
 'downloader/request_bytes': 668,
 'downloader/request_count': 3,
 'downloader/request_method_count/GET': 3,
 'downloader/response_bytes': 3087,
 'downloader/response_count': 3,
 'downloader/response_status_count/200': 1,
 'downloader/response_status_count/301': 2,
 'elapsed_time_seconds': 20.271565,
 'finish_reason': 'finished',
 'finish_time': datetime.datetime(2020, 7, 23, 2, 22, 22, 773194),
 'log_count/DEBUG': 5,
 'log_count/INFO': 10,
 'memusage/max': 59789312,
 'memusage/startup': 59789312,
 'response_received_count': 1,
 'robotstxt/forbidden': 1,
 'robotstxt/request_count': 1,
 'robotstxt/response_count': 1,
 'robotstxt/response_status_count/200': 1,
 'scheduler/dequeued': 2,
 'scheduler/dequeued/memory': 2,
 'scheduler/enqueued': 2,
 'scheduler/enqueued/memory': 2,
 'start_time': datetime.datetime(2020, 7, 23, 2, 22, 2, 501629)}
2020-07-23 10:22:22 [scrapy.core.engine] INFO: Spider closed (finished)
2020-07-23 10:29:38 [scrapy.utils.log] INFO: Scrapy 1.8.0 started (bot: bingbot)
2020-07-23 10:29:38 [scrapy.utils.log] INFO: Versions: lxml 4.3.2.0, libxml2 2.9.9, cssselect 1.1.0, parsel 1.6.0, w3lib 1.22.0, Twisted 20.3.0, Python 2.7.16 |Anaconda, Inc.| (default, Mar 14 2019, 21:00:58) - [GCC 7.3.0], pyOpenSSL 19.0.0 (OpenSSL 1.1.1b  26 Feb 2019), cryptography 2.6.1, Platform Linux-4.15.0-36-generic-x86_64-with-debian-buster-sid
2020-07-23 10:29:38 [scrapy.crawler] INFO: Overridden settings: {'NEWSPIDER_MODULE': 'OMIMCrawler.spiders', 'ROBOTSTXT_OBEY': True, 'CONCURRENT_REQUESTS': 6, 'SPIDER_MODULES': ['OMIMCrawler.spiders'], 'BOT_NAME': 'bingbot', 'COOKIES_ENABLED': False, 'USER_AGENT': 'bingbot (+https://www.bing.com/bingbot.htm)', 'LOG_FILE': 'scrapy.log', 'DOWNLOAD_DELAY': 10}
2020-07-23 10:29:38 [scrapy.extensions.telnet] INFO: Telnet Password: 09335f8dd126e9be
2020-07-23 10:29:38 [scrapy.middleware] INFO: Enabled extensions:
['scrapy.extensions.memusage.MemoryUsage',
 'scrapy.extensions.logstats.LogStats',
 'scrapy.extensions.telnet.TelnetConsole',
 'scrapy.extensions.corestats.CoreStats']
2020-07-23 10:29:38 [scrapy.middleware] INFO: Enabled downloader middlewares:
['scrapy.downloadermiddlewares.robotstxt.RobotsTxtMiddleware',
 'scrapy.downloadermiddlewares.httpauth.HttpAuthMiddleware',
 'scrapy.downloadermiddlewares.downloadtimeout.DownloadTimeoutMiddleware',
 'scrapy.downloadermiddlewares.defaultheaders.DefaultHeadersMiddleware',
 'scrapy.downloadermiddlewares.useragent.UserAgentMiddleware',
 'scrapy.downloadermiddlewares.retry.RetryMiddleware',
 'scrapy.downloadermiddlewares.redirect.MetaRefreshMiddleware',
 'scrapy.downloadermiddlewares.httpcompression.HttpCompressionMiddleware',
 'scrapy.downloadermiddlewares.redirect.RedirectMiddleware',
 'scrapy.downloadermiddlewares.httpproxy.HttpProxyMiddleware',
 'scrapy.downloadermiddlewares.stats.DownloaderStats']
2020-07-23 10:29:38 [scrapy.middleware] INFO: Enabled spider middlewares:
['scrapy.spidermiddlewares.httperror.HttpErrorMiddleware',
 'scrapy.spidermiddlewares.offsite.OffsiteMiddleware',
 'scrapy.spidermiddlewares.referer.RefererMiddleware',
 'scrapy.spidermiddlewares.urllength.UrlLengthMiddleware',
 'scrapy.spidermiddlewares.depth.DepthMiddleware']
2020-07-23 10:29:38 [scrapy.middleware] INFO: Enabled item pipelines:
['OMIMCrawler.pipelines.OmimcrawlerPipeline']
2020-07-23 10:29:38 [scrapy.core.engine] INFO: Spider opened
2020-07-23 10:29:38 [scrapy.extensions.logstats] INFO: Crawled 0 pages (at 0 pages/min), scraped 0 items (at 0 items/min)
2020-07-23 10:29:38 [scrapy.extensions.telnet] INFO: Telnet console listening on 127.0.0.1:6023
2020-07-23 10:29:39 [scrapy.downloadermiddlewares.redirect] DEBUG: Redirecting (301) to <GET https://omim.org/robots.txt> from <GET http://omim.org/robots.txt>
2020-07-23 10:29:51 [scrapy.core.engine] DEBUG: Crawled (200) <GET https://omim.org/robots.txt> (referer: None)
2020-07-23 10:29:51 [protego] DEBUG: Rule at line 29 without any user agent to enforce it on.
2020-07-23 10:29:59 [scrapy.downloadermiddlewares.redirect] DEBUG: Redirecting (301) to <GET https://omim.org/> from <GET http://omim.org>
2020-07-23 10:29:59 [scrapy.downloadermiddlewares.robotstxt] DEBUG: Forbidden by robots.txt: <GET https://omim.org/>
2020-07-23 10:29:59 [scrapy.core.engine] INFO: Closing spider (finished)
2020-07-23 10:29:59 [scrapy.statscollectors] INFO: Dumping Scrapy stats:
{'downloader/exception_count': 1,
 'downloader/exception_type_count/scrapy.exceptions.IgnoreRequest': 1,
 'downloader/request_bytes': 668,
 'downloader/request_count': 3,
 'downloader/request_method_count/GET': 3,
 'downloader/response_bytes': 3087,
 'downloader/response_count': 3,
 'downloader/response_status_count/200': 1,
 'downloader/response_status_count/301': 2,
 'elapsed_time_seconds': 21.098101,
 'finish_reason': 'finished',
 'finish_time': datetime.datetime(2020, 7, 23, 2, 29, 59, 583643),
 'log_count/DEBUG': 5,
 'log_count/INFO': 10,
 'memusage/max': 59777024,
 'memusage/startup': 59777024,
 'response_received_count': 1,
 'robotstxt/forbidden': 1,
 'robotstxt/request_count': 1,
 'robotstxt/response_count': 1,
 'robotstxt/response_status_count/200': 1,
 'scheduler/dequeued': 2,
 'scheduler/dequeued/memory': 2,
 'scheduler/enqueued': 2,
 'scheduler/enqueued/memory': 2,
 'start_time': datetime.datetime(2020, 7, 23, 2, 29, 38, 485542)}
2020-07-23 10:29:59 [scrapy.core.engine] INFO: Spider closed (finished)
2020-07-23 10:31:11 [scrapy.utils.log] INFO: Scrapy 1.8.0 started (bot: bingbot)
2020-07-23 10:31:11 [scrapy.utils.log] INFO: Versions: lxml 4.3.2.0, libxml2 2.9.9, cssselect 1.1.0, parsel 1.6.0, w3lib 1.22.0, Twisted 20.3.0, Python 2.7.16 |Anaconda, Inc.| (default, Mar 14 2019, 21:00:58) - [GCC 7.3.0], pyOpenSSL 19.0.0 (OpenSSL 1.1.1b  26 Feb 2019), cryptography 2.6.1, Platform Linux-4.15.0-36-generic-x86_64-with-debian-buster-sid
2020-07-23 10:31:11 [scrapy.crawler] INFO: Overridden settings: {'NEWSPIDER_MODULE': 'OMIMCrawler.spiders', 'CONCURRENT_REQUESTS': 6, 'SPIDER_MODULES': ['OMIMCrawler.spiders'], 'BOT_NAME': 'bingbot', 'COOKIES_ENABLED': False, 'USER_AGENT': 'bingbot (+https://www.bing.com/bingbot.htm)', 'LOG_FILE': 'scrapy.log', 'DOWNLOAD_DELAY': 10}
2020-07-23 10:31:11 [scrapy.extensions.telnet] INFO: Telnet Password: d6501bb6eb615d46
2020-07-23 10:31:11 [scrapy.middleware] INFO: Enabled extensions:
['scrapy.extensions.memusage.MemoryUsage',
 'scrapy.extensions.logstats.LogStats',
 'scrapy.extensions.telnet.TelnetConsole',
 'scrapy.extensions.corestats.CoreStats']
2020-07-23 10:31:11 [scrapy.middleware] INFO: Enabled downloader middlewares:
['scrapy.downloadermiddlewares.httpauth.HttpAuthMiddleware',
 'scrapy.downloadermiddlewares.downloadtimeout.DownloadTimeoutMiddleware',
 'scrapy.downloadermiddlewares.defaultheaders.DefaultHeadersMiddleware',
 'scrapy.downloadermiddlewares.useragent.UserAgentMiddleware',
 'scrapy.downloadermiddlewares.retry.RetryMiddleware',
 'scrapy.downloadermiddlewares.redirect.MetaRefreshMiddleware',
 'scrapy.downloadermiddlewares.httpcompression.HttpCompressionMiddleware',
 'scrapy.downloadermiddlewares.redirect.RedirectMiddleware',
 'scrapy.downloadermiddlewares.httpproxy.HttpProxyMiddleware',
 'scrapy.downloadermiddlewares.stats.DownloaderStats']
2020-07-23 10:31:11 [scrapy.middleware] INFO: Enabled spider middlewares:
['scrapy.spidermiddlewares.httperror.HttpErrorMiddleware',
 'scrapy.spidermiddlewares.offsite.OffsiteMiddleware',
 'scrapy.spidermiddlewares.referer.RefererMiddleware',
 'scrapy.spidermiddlewares.urllength.UrlLengthMiddleware',
 'scrapy.spidermiddlewares.depth.DepthMiddleware']
2020-07-23 10:31:11 [scrapy.middleware] INFO: Enabled item pipelines:
['OMIMCrawler.pipelines.OmimcrawlerPipeline']
2020-07-23 10:31:11 [scrapy.core.engine] INFO: Spider opened
2020-07-23 10:31:11 [scrapy.extensions.logstats] INFO: Crawled 0 pages (at 0 pages/min), scraped 0 items (at 0 items/min)
2020-07-23 10:31:11 [scrapy.extensions.telnet] INFO: Telnet console listening on 127.0.0.1:6023
2020-07-23 10:31:12 [scrapy.downloadermiddlewares.redirect] DEBUG: Redirecting (301) to <GET https://omim.org/> from <GET http://omim.org>
2020-07-23 10:31:25 [scrapy.core.engine] DEBUG: Crawled (200) <GET https://omim.org/> (referer: None)
2020-07-23 10:31:37 [scrapy.downloadermiddlewares.redirect] DEBUG: Redirecting (301) to <GET https://omim.org/entry/101400> from <GET http://omim.org/entry/101400>
2020-07-23 10:31:48 [scrapy.downloadermiddlewares.redirect] DEBUG: Redirecting (301) to <GET https://omim.org/entry/101200> from <GET http://omim.org/entry/101200>
2020-07-23 10:32:01 [scrapy.downloadermiddlewares.redirect] DEBUG: Redirecting (301) to <GET https://omim.org/entry/101120> from <GET http://omim.org/entry/101120>
2020-07-23 10:32:11 [scrapy.extensions.logstats] INFO: Crawled 1 pages (at 1 pages/min), scraped 0 items (at 0 items/min)
2020-07-23 10:32:13 [scrapy.downloadermiddlewares.redirect] DEBUG: Redirecting (301) to <GET https://omim.org/entry/101000> from <GET http://omim.org/entry/101000>
2020-07-23 10:32:24 [scrapy.downloadermiddlewares.redirect] DEBUG: Redirecting (301) to <GET https://omim.org/entry/100900> from <GET http://omim.org/entry/100900>
2020-07-23 10:32:37 [scrapy.downloadermiddlewares.redirect] DEBUG: Redirecting (301) to <GET https://omim.org/entry/100880> from <GET http://omim.org/entry/100880>
2020-07-23 10:33:05 [scrapy.core.engine] DEBUG: Crawled (200) <GET https://omim.org/entry/101200> (referer: None)
2020-07-23 10:33:05 [scrapy.core.scraper] ERROR: Spider error processing <GET https://omim.org/entry/101200> (referer: None)
Traceback (most recent call last):
  File "/home/lixuefei/Software/anaconda2/lib/python2.7/site-packages/scrapy/utils/defer.py", line 102, in iter_errback
    yield next(it)
  File "/home/lixuefei/Software/anaconda2/lib/python2.7/site-packages/scrapy/core/spidermw.py", line 84, in evaluate_iterable
    for r in iterable:
  File "/home/lixuefei/Software/anaconda2/lib/python2.7/site-packages/scrapy/spidermiddlewares/offsite.py", line 29, in process_spider_output
    for x in result:
  File "/home/lixuefei/Software/anaconda2/lib/python2.7/site-packages/scrapy/core/spidermw.py", line 84, in evaluate_iterable
    for r in iterable:
  File "/home/lixuefei/Software/anaconda2/lib/python2.7/site-packages/scrapy/spidermiddlewares/referer.py", line 339, in <genexpr>
    return (_set_referer(r) for r in result or ())
  File "/home/lixuefei/Software/anaconda2/lib/python2.7/site-packages/scrapy/core/spidermw.py", line 84, in evaluate_iterable
    for r in iterable:
  File "/home/lixuefei/Software/anaconda2/lib/python2.7/site-packages/scrapy/spidermiddlewares/urllength.py", line 37, in <genexpr>
    return (r for r in result or () if _filter(r))
  File "/home/lixuefei/Software/anaconda2/lib/python2.7/site-packages/scrapy/core/spidermw.py", line 84, in evaluate_iterable
    for r in iterable:
  File "/home/lixuefei/Software/anaconda2/lib/python2.7/site-packages/scrapy/spidermiddlewares/depth.py", line 58, in <genexpr>
    return (r for r in result or () if _filter(r))
  File "/home/lixuefei/Pipeline/Scrapy/OMIMCrawler/OMIMCrawler/spiders/omim_spider.py", line 99, in parse_content
    if items.get(index_dict[i]):
KeyError: 0
2020-07-23 10:33:11 [scrapy.extensions.logstats] INFO: Crawled 2 pages (at 1 pages/min), scraped 0 items (at 0 items/min)
2020-07-23 10:33:15 [scrapy.core.engine] DEBUG: Crawled (200) <GET https://omim.org/entry/101400> (referer: None)
2020-07-23 10:33:16 [scrapy.core.scraper] ERROR: Spider error processing <GET https://omim.org/entry/101400> (referer: None)
Traceback (most recent call last):
  File "/home/lixuefei/Software/anaconda2/lib/python2.7/site-packages/scrapy/utils/defer.py", line 102, in iter_errback
    yield next(it)
  File "/home/lixuefei/Software/anaconda2/lib/python2.7/site-packages/scrapy/core/spidermw.py", line 84, in evaluate_iterable
    for r in iterable:
  File "/home/lixuefei/Software/anaconda2/lib/python2.7/site-packages/scrapy/spidermiddlewares/offsite.py", line 29, in process_spider_output
    for x in result:
  File "/home/lixuefei/Software/anaconda2/lib/python2.7/site-packages/scrapy/core/spidermw.py", line 84, in evaluate_iterable
    for r in iterable:
  File "/home/lixuefei/Software/anaconda2/lib/python2.7/site-packages/scrapy/spidermiddlewares/referer.py", line 339, in <genexpr>
    return (_set_referer(r) for r in result or ())
  File "/home/lixuefei/Software/anaconda2/lib/python2.7/site-packages/scrapy/core/spidermw.py", line 84, in evaluate_iterable
    for r in iterable:
  File "/home/lixuefei/Software/anaconda2/lib/python2.7/site-packages/scrapy/spidermiddlewares/urllength.py", line 37, in <genexpr>
    return (r for r in result or () if _filter(r))
  File "/home/lixuefei/Software/anaconda2/lib/python2.7/site-packages/scrapy/core/spidermw.py", line 84, in evaluate_iterable
    for r in iterable:
  File "/home/lixuefei/Software/anaconda2/lib/python2.7/site-packages/scrapy/spidermiddlewares/depth.py", line 58, in <genexpr>
    return (r for r in result or () if _filter(r))
  File "/home/lixuefei/Pipeline/Scrapy/OMIMCrawler/OMIMCrawler/spiders/omim_spider.py", line 99, in parse_content
    if items.get(index_dict[i]):
KeyError: 0
2020-07-23 10:33:16 [scrapy.core.engine] DEBUG: Crawled (200) <GET https://omim.org/entry/101120> (referer: None)
2020-07-23 10:33:17 [scrapy.core.scraper] DEBUG: Scraped from <200 https://omim.org/entry/101120>
{'omim_id': u'101120',
 'omim_name': u'ACROCEPHALOPOLYSYNDACTYLY TYPE III',
 'omim_url': 'https://omim.org/entry/101120'}
2020-07-23 10:33:29 [scrapy.core.engine] DEBUG: Crawled (200) <GET https://omim.org/entry/101000> (referer: None)
2020-07-23 10:33:29 [scrapy.core.scraper] ERROR: Spider error processing <GET https://omim.org/entry/101000> (referer: None)
Traceback (most recent call last):
  File "/home/lixuefei/Software/anaconda2/lib/python2.7/site-packages/scrapy/utils/defer.py", line 102, in iter_errback
    yield next(it)
  File "/home/lixuefei/Software/anaconda2/lib/python2.7/site-packages/scrapy/core/spidermw.py", line 84, in evaluate_iterable
    for r in iterable:
  File "/home/lixuefei/Software/anaconda2/lib/python2.7/site-packages/scrapy/spidermiddlewares/offsite.py", line 29, in process_spider_output
    for x in result:
  File "/home/lixuefei/Software/anaconda2/lib/python2.7/site-packages/scrapy/core/spidermw.py", line 84, in evaluate_iterable
    for r in iterable:
  File "/home/lixuefei/Software/anaconda2/lib/python2.7/site-packages/scrapy/spidermiddlewares/referer.py", line 339, in <genexpr>
    return (_set_referer(r) for r in result or ())
  File "/home/lixuefei/Software/anaconda2/lib/python2.7/site-packages/scrapy/core/spidermw.py", line 84, in evaluate_iterable
    for r in iterable:
  File "/home/lixuefei/Software/anaconda2/lib/python2.7/site-packages/scrapy/spidermiddlewares/urllength.py", line 37, in <genexpr>
    return (r for r in result or () if _filter(r))
  File "/home/lixuefei/Software/anaconda2/lib/python2.7/site-packages/scrapy/core/spidermw.py", line 84, in evaluate_iterable
    for r in iterable:
  File "/home/lixuefei/Software/anaconda2/lib/python2.7/site-packages/scrapy/spidermiddlewares/depth.py", line 58, in <genexpr>
    return (r for r in result or () if _filter(r))
  File "/home/lixuefei/Pipeline/Scrapy/OMIMCrawler/OMIMCrawler/spiders/omim_spider.py", line 99, in parse_content
    if items.get(index_dict[i]):
KeyError: 0
2020-07-23 10:33:38 [scrapy.core.engine] DEBUG: Crawled (200) <GET https://omim.org/entry/100900> (referer: None)
2020-07-23 10:33:38 [scrapy.core.scraper] DEBUG: Scraped from <200 https://omim.org/entry/100900>
{'omim_id': u'^ 100900',
 'omim_name': u'MOVED TO',
 'omim_url': 'https://omim.org/entry/100900'}
2020-07-23 10:33:57 [scrapy.core.engine] DEBUG: Crawled (200) <GET https://omim.org/entry/100880> (referer: None)
2020-07-23 10:33:58 [scrapy.core.scraper] DEBUG: Scraped from <200 https://omim.org/entry/100880>
{'omim_id': u'* 100880',
 'omim_name': u'ACONITASE 1, SOLUBLE; ACO1',
 'omim_url': 'https://omim.org/entry/100880'}
2020-07-23 10:34:07 [scrapy.downloadermiddlewares.redirect] DEBUG: Redirecting (301) to <GET https://omim.org/entry/618008> from <GET http://omim.org/entry/618008>
2020-07-23 10:34:11 [scrapy.extensions.logstats] INFO: Crawled 7 pages (at 5 pages/min), scraped 3 items (at 3 items/min)
2020-07-23 10:34:18 [scrapy.downloadermiddlewares.redirect] DEBUG: Redirecting (301) to <GET https://omim.org/entry/618007> from <GET http://omim.org/entry/618007>
2020-07-23 10:34:31 [scrapy.downloadermiddlewares.redirect] DEBUG: Redirecting (301) to <GET https://omim.org/entry/618006> from <GET http://omim.org/entry/618006>
2020-07-23 10:34:46 [scrapy.downloadermiddlewares.redirect] DEBUG: Redirecting (301) to <GET https://omim.org/entry/618005> from <GET http://omim.org/entry/618005>
2020-07-23 10:35:00 [scrapy.downloadermiddlewares.redirect] DEBUG: Redirecting (301) to <GET https://omim.org/entry/618004> from <GET http://omim.org/entry/618004>
2020-07-23 10:35:11 [scrapy.extensions.logstats] INFO: Crawled 7 pages (at 0 pages/min), scraped 3 items (at 0 items/min)
2020-07-23 10:35:12 [scrapy.downloadermiddlewares.redirect] DEBUG: Redirecting (301) to <GET https://omim.org/entry/618003> from <GET http://omim.org/entry/618003>
2020-07-23 10:35:20 [scrapy.core.engine] DEBUG: Crawled (200) <GET https://omim.org/entry/618008> (referer: None)
2020-07-23 10:35:21 [scrapy.core.scraper] ERROR: Spider error processing <GET https://omim.org/entry/618008> (referer: None)
Traceback (most recent call last):
  File "/home/lixuefei/Software/anaconda2/lib/python2.7/site-packages/scrapy/utils/defer.py", line 102, in iter_errback
    yield next(it)
  File "/home/lixuefei/Software/anaconda2/lib/python2.7/site-packages/scrapy/core/spidermw.py", line 84, in evaluate_iterable
    for r in iterable:
  File "/home/lixuefei/Software/anaconda2/lib/python2.7/site-packages/scrapy/spidermiddlewares/offsite.py", line 29, in process_spider_output
    for x in result:
  File "/home/lixuefei/Software/anaconda2/lib/python2.7/site-packages/scrapy/core/spidermw.py", line 84, in evaluate_iterable
    for r in iterable:
  File "/home/lixuefei/Software/anaconda2/lib/python2.7/site-packages/scrapy/spidermiddlewares/referer.py", line 339, in <genexpr>
    return (_set_referer(r) for r in result or ())
  File "/home/lixuefei/Software/anaconda2/lib/python2.7/site-packages/scrapy/core/spidermw.py", line 84, in evaluate_iterable
    for r in iterable:
  File "/home/lixuefei/Software/anaconda2/lib/python2.7/site-packages/scrapy/spidermiddlewares/urllength.py", line 37, in <genexpr>
    return (r for r in result or () if _filter(r))
  File "/home/lixuefei/Software/anaconda2/lib/python2.7/site-packages/scrapy/core/spidermw.py", line 84, in evaluate_iterable
    for r in iterable:
  File "/home/lixuefei/Software/anaconda2/lib/python2.7/site-packages/scrapy/spidermiddlewares/depth.py", line 58, in <genexpr>
    return (r for r in result or () if _filter(r))
  File "/home/lixuefei/Pipeline/Scrapy/OMIMCrawler/OMIMCrawler/spiders/omim_spider.py", line 99, in parse_content
    if items.get(index_dict[i]):
KeyError: 0
2020-07-23 10:35:31 [scrapy.core.engine] DEBUG: Crawled (200) <GET https://omim.org/entry/618007> (referer: None)
2020-07-23 10:35:31 [scrapy.core.scraper] DEBUG: Scraped from <200 https://omim.org/entry/618007>
{'omim_id': u'^ 618007',
 'omim_name': u'MOVED TO',
 'omim_url': 'https://omim.org/entry/618007'}
2020-07-23 10:35:44 [scrapy.core.engine] DEBUG: Crawled (200) <GET https://omim.org/entry/618006> (referer: None)
2020-07-23 10:35:44 [scrapy.core.scraper] ERROR: Spider error processing <GET https://omim.org/entry/618006> (referer: None)
Traceback (most recent call last):
  File "/home/lixuefei/Software/anaconda2/lib/python2.7/site-packages/scrapy/utils/defer.py", line 102, in iter_errback
    yield next(it)
  File "/home/lixuefei/Software/anaconda2/lib/python2.7/site-packages/scrapy/core/spidermw.py", line 84, in evaluate_iterable
    for r in iterable:
  File "/home/lixuefei/Software/anaconda2/lib/python2.7/site-packages/scrapy/spidermiddlewares/offsite.py", line 29, in process_spider_output
    for x in result:
  File "/home/lixuefei/Software/anaconda2/lib/python2.7/site-packages/scrapy/core/spidermw.py", line 84, in evaluate_iterable
    for r in iterable:
  File "/home/lixuefei/Software/anaconda2/lib/python2.7/site-packages/scrapy/spidermiddlewares/referer.py", line 339, in <genexpr>
    return (_set_referer(r) for r in result or ())
  File "/home/lixuefei/Software/anaconda2/lib/python2.7/site-packages/scrapy/core/spidermw.py", line 84, in evaluate_iterable
    for r in iterable:
  File "/home/lixuefei/Software/anaconda2/lib/python2.7/site-packages/scrapy/spidermiddlewares/urllength.py", line 37, in <genexpr>
    return (r for r in result or () if _filter(r))
  File "/home/lixuefei/Software/anaconda2/lib/python2.7/site-packages/scrapy/core/spidermw.py", line 84, in evaluate_iterable
    for r in iterable:
  File "/home/lixuefei/Software/anaconda2/lib/python2.7/site-packages/scrapy/spidermiddlewares/depth.py", line 58, in <genexpr>
    return (r for r in result or () if _filter(r))
  File "/home/lixuefei/Pipeline/Scrapy/OMIMCrawler/OMIMCrawler/spiders/omim_spider.py", line 99, in parse_content
    if items.get(index_dict[i]):
KeyError: 0
2020-07-23 10:36:00 [scrapy.core.engine] DEBUG: Crawled (200) <GET https://omim.org/entry/618005> (referer: None)
2020-07-23 10:36:00 [scrapy.core.scraper] ERROR: Spider error processing <GET https://omim.org/entry/618005> (referer: None)
Traceback (most recent call last):
  File "/home/lixuefei/Software/anaconda2/lib/python2.7/site-packages/scrapy/utils/defer.py", line 102, in iter_errback
    yield next(it)
  File "/home/lixuefei/Software/anaconda2/lib/python2.7/site-packages/scrapy/core/spidermw.py", line 84, in evaluate_iterable
    for r in iterable:
  File "/home/lixuefei/Software/anaconda2/lib/python2.7/site-packages/scrapy/spidermiddlewares/offsite.py", line 29, in process_spider_output
    for x in result:
  File "/home/lixuefei/Software/anaconda2/lib/python2.7/site-packages/scrapy/core/spidermw.py", line 84, in evaluate_iterable
    for r in iterable:
  File "/home/lixuefei/Software/anaconda2/lib/python2.7/site-packages/scrapy/spidermiddlewares/referer.py", line 339, in <genexpr>
    return (_set_referer(r) for r in result or ())
  File "/home/lixuefei/Software/anaconda2/lib/python2.7/site-packages/scrapy/core/spidermw.py", line 84, in evaluate_iterable
    for r in iterable:
  File "/home/lixuefei/Software/anaconda2/lib/python2.7/site-packages/scrapy/spidermiddlewares/urllength.py", line 37, in <genexpr>
    return (r for r in result or () if _filter(r))
  File "/home/lixuefei/Software/anaconda2/lib/python2.7/site-packages/scrapy/core/spidermw.py", line 84, in evaluate_iterable
    for r in iterable:
  File "/home/lixuefei/Software/anaconda2/lib/python2.7/site-packages/scrapy/spidermiddlewares/depth.py", line 58, in <genexpr>
    return (r for r in result or () if _filter(r))
  File "/home/lixuefei/Pipeline/Scrapy/OMIMCrawler/OMIMCrawler/spiders/omim_spider.py", line 99, in parse_content
    if items.get(index_dict[i]):
KeyError: 0
2020-07-23 10:36:11 [scrapy.extensions.logstats] INFO: Crawled 11 pages (at 4 pages/min), scraped 4 items (at 1 items/min)
2020-07-23 10:36:16 [scrapy.core.engine] DEBUG: Crawled (200) <GET https://omim.org/entry/618004> (referer: None)
2020-07-23 10:36:16 [scrapy.core.scraper] ERROR: Spider error processing <GET https://omim.org/entry/618004> (referer: None)
Traceback (most recent call last):
  File "/home/lixuefei/Software/anaconda2/lib/python2.7/site-packages/scrapy/utils/defer.py", line 102, in iter_errback
    yield next(it)
  File "/home/lixuefei/Software/anaconda2/lib/python2.7/site-packages/scrapy/core/spidermw.py", line 84, in evaluate_iterable
    for r in iterable:
  File "/home/lixuefei/Software/anaconda2/lib/python2.7/site-packages/scrapy/spidermiddlewares/offsite.py", line 29, in process_spider_output
    for x in result:
  File "/home/lixuefei/Software/anaconda2/lib/python2.7/site-packages/scrapy/core/spidermw.py", line 84, in evaluate_iterable
    for r in iterable:
  File "/home/lixuefei/Software/anaconda2/lib/python2.7/site-packages/scrapy/spidermiddlewares/referer.py", line 339, in <genexpr>
    return (_set_referer(r) for r in result or ())
  File "/home/lixuefei/Software/anaconda2/lib/python2.7/site-packages/scrapy/core/spidermw.py", line 84, in evaluate_iterable
    for r in iterable:
  File "/home/lixuefei/Software/anaconda2/lib/python2.7/site-packages/scrapy/spidermiddlewares/urllength.py", line 37, in <genexpr>
    return (r for r in result or () if _filter(r))
  File "/home/lixuefei/Software/anaconda2/lib/python2.7/site-packages/scrapy/core/spidermw.py", line 84, in evaluate_iterable
    for r in iterable:
  File "/home/lixuefei/Software/anaconda2/lib/python2.7/site-packages/scrapy/spidermiddlewares/depth.py", line 58, in <genexpr>
    return (r for r in result or () if _filter(r))
  File "/home/lixuefei/Pipeline/Scrapy/OMIMCrawler/OMIMCrawler/spiders/omim_spider.py", line 99, in parse_content
    if items.get(index_dict[i]):
KeyError: 0
2020-07-23 10:36:24 [scrapy.core.engine] DEBUG: Crawled (200) <GET https://omim.org/entry/618003> (referer: None)
2020-07-23 10:36:24 [scrapy.core.scraper] ERROR: Spider error processing <GET https://omim.org/entry/618003> (referer: None)
Traceback (most recent call last):
  File "/home/lixuefei/Software/anaconda2/lib/python2.7/site-packages/scrapy/utils/defer.py", line 102, in iter_errback
    yield next(it)
  File "/home/lixuefei/Software/anaconda2/lib/python2.7/site-packages/scrapy/core/spidermw.py", line 84, in evaluate_iterable
    for r in iterable:
  File "/home/lixuefei/Software/anaconda2/lib/python2.7/site-packages/scrapy/spidermiddlewares/offsite.py", line 29, in process_spider_output
    for x in result:
  File "/home/lixuefei/Software/anaconda2/lib/python2.7/site-packages/scrapy/core/spidermw.py", line 84, in evaluate_iterable
    for r in iterable:
  File "/home/lixuefei/Software/anaconda2/lib/python2.7/site-packages/scrapy/spidermiddlewares/referer.py", line 339, in <genexpr>
    return (_set_referer(r) for r in result or ())
  File "/home/lixuefei/Software/anaconda2/lib/python2.7/site-packages/scrapy/core/spidermw.py", line 84, in evaluate_iterable
    for r in iterable:
  File "/home/lixuefei/Software/anaconda2/lib/python2.7/site-packages/scrapy/spidermiddlewares/urllength.py", line 37, in <genexpr>
    return (r for r in result or () if _filter(r))
  File "/home/lixuefei/Software/anaconda2/lib/python2.7/site-packages/scrapy/core/spidermw.py", line 84, in evaluate_iterable
    for r in iterable:
  File "/home/lixuefei/Software/anaconda2/lib/python2.7/site-packages/scrapy/spidermiddlewares/depth.py", line 58, in <genexpr>
    return (r for r in result or () if _filter(r))
  File "/home/lixuefei/Pipeline/Scrapy/OMIMCrawler/OMIMCrawler/spiders/omim_spider.py", line 99, in parse_content
    if items.get(index_dict[i]):
KeyError: 0
2020-07-23 10:36:39 [scrapy.downloadermiddlewares.redirect] DEBUG: Redirecting (301) to <GET https://omim.org/entry/618002> from <GET http://omim.org/entry/618002>
2020-07-23 10:36:50 [scrapy.downloadermiddlewares.redirect] DEBUG: Redirecting (301) to <GET https://omim.org/entry/618001> from <GET http://omim.org/entry/618001>
2020-07-23 10:37:02 [scrapy.downloadermiddlewares.redirect] DEBUG: Redirecting (301) to <GET https://omim.org/entry/618000> from <GET http://omim.org/entry/618000>
2020-07-23 10:37:11 [scrapy.extensions.logstats] INFO: Crawled 13 pages (at 2 pages/min), scraped 4 items (at 0 items/min)
2020-07-23 10:37:12 [scrapy.downloadermiddlewares.redirect] DEBUG: Redirecting (301) to <GET https://omim.org/entry/617999> from <GET http://omim.org/entry/617999>
2020-07-23 10:37:24 [scrapy.downloadermiddlewares.redirect] DEBUG: Redirecting (301) to <GET https://omim.org/entry/617998> from <GET http://omim.org/entry/617998>
2020-07-23 10:37:32 [scrapy.downloadermiddlewares.redirect] DEBUG: Redirecting (301) to <GET https://omim.org/entry/617997> from <GET http://omim.org/entry/617997>
2020-07-23 10:37:48 [scrapy.core.engine] DEBUG: Crawled (200) <GET https://omim.org/entry/618002> (referer: None)
2020-07-23 10:37:48 [scrapy.core.scraper] DEBUG: Scraped from <200 https://omim.org/entry/618002>
{'omim_id': u'* 618002',
 'omim_name': u'MICROTUBULE-ASSOCIATED SERINE/THREONINE KINASE 4; MAST4',
 'omim_url': 'https://omim.org/entry/618002'}
2020-07-23 10:38:00 [scrapy.core.engine] DEBUG: Crawled (200) <GET https://omim.org/entry/618001> (referer: None)
2020-07-23 10:38:00 [scrapy.core.scraper] DEBUG: Scraped from <200 https://omim.org/entry/618001>
{'omim_id': u'* 618001',
 'omim_name': u'RAB11 EFFECTOR CONTAINING LIS1 HOMOLOGY DOMAIN, COILED-COIL DOMAINS, AND HEAT REPEATS; RELCH',
 'omim_url': 'https://omim.org/entry/618001'}
2020-07-23 10:38:11 [scrapy.extensions.logstats] INFO: Crawled 15 pages (at 2 pages/min), scraped 6 items (at 2 items/min)
2020-07-23 10:38:15 [scrapy.core.engine] DEBUG: Crawled (200) <GET https://omim.org/entry/618000> (referer: None)
2020-07-23 10:38:15 [scrapy.core.scraper] ERROR: Spider error processing <GET https://omim.org/entry/618000> (referer: None)
Traceback (most recent call last):
  File "/home/lixuefei/Software/anaconda2/lib/python2.7/site-packages/scrapy/utils/defer.py", line 102, in iter_errback
    yield next(it)
  File "/home/lixuefei/Software/anaconda2/lib/python2.7/site-packages/scrapy/core/spidermw.py", line 84, in evaluate_iterable
    for r in iterable:
  File "/home/lixuefei/Software/anaconda2/lib/python2.7/site-packages/scrapy/spidermiddlewares/offsite.py", line 29, in process_spider_output
    for x in result:
  File "/home/lixuefei/Software/anaconda2/lib/python2.7/site-packages/scrapy/core/spidermw.py", line 84, in evaluate_iterable
    for r in iterable:
  File "/home/lixuefei/Software/anaconda2/lib/python2.7/site-packages/scrapy/spidermiddlewares/referer.py", line 339, in <genexpr>
    return (_set_referer(r) for r in result or ())
  File "/home/lixuefei/Software/anaconda2/lib/python2.7/site-packages/scrapy/core/spidermw.py", line 84, in evaluate_iterable
    for r in iterable:
  File "/home/lixuefei/Software/anaconda2/lib/python2.7/site-packages/scrapy/spidermiddlewares/urllength.py", line 37, in <genexpr>
    return (r for r in result or () if _filter(r))
  File "/home/lixuefei/Software/anaconda2/lib/python2.7/site-packages/scrapy/core/spidermw.py", line 84, in evaluate_iterable
    for r in iterable:
  File "/home/lixuefei/Software/anaconda2/lib/python2.7/site-packages/scrapy/spidermiddlewares/depth.py", line 58, in <genexpr>
    return (r for r in result or () if _filter(r))
  File "/home/lixuefei/Pipeline/Scrapy/OMIMCrawler/OMIMCrawler/spiders/omim_spider.py", line 99, in parse_content
    if items.get(index_dict[i]):
KeyError: 0
2020-07-23 10:38:37 [scrapy.core.engine] DEBUG: Crawled (200) <GET https://omim.org/entry/617999> (referer: None)
2020-07-23 10:38:37 [scrapy.core.scraper] DEBUG: Scraped from <200 https://omim.org/entry/617999>
{'omim_id': u'* 617999',
 'omim_name': u'GRB2-ASSOCIATED REGULATOR OF MAPK1, SUBTYPE 2; GAREM2',
 'omim_url': 'https://omim.org/entry/617999'}
2020-07-23 10:38:47 [scrapy.core.engine] DEBUG: Crawled (200) <GET https://omim.org/entry/617998> (referer: None)
2020-07-23 10:38:47 [scrapy.core.scraper] DEBUG: Scraped from <200 https://omim.org/entry/617998>
{'omim_id': u'* 617998',
 'omim_name': u'GRB2-ASSOCIATED REGULATOR OF MAPK1, SUBTYPE 1; GAREM1',
 'omim_url': 'https://omim.org/entry/617998'}
2020-07-23 10:38:58 [scrapy.core.engine] DEBUG: Crawled (200) <GET https://omim.org/entry/617997> (referer: None)
2020-07-23 10:38:58 [scrapy.core.scraper] DEBUG: Scraped from <200 https://omim.org/entry/617997>
{'omim_id': u'* 617997',
 'omim_name': u'RCC1 DOMAIN-CONTAINING PROTEIN 1; RCCD1',
 'omim_url': 'https://omim.org/entry/617997'}
2020-07-23 10:39:08 [scrapy.downloadermiddlewares.redirect] DEBUG: Redirecting (301) to <GET https://omim.org/entry/617996> from <GET http://omim.org/entry/617996>
2020-07-23 10:39:11 [scrapy.extensions.logstats] INFO: Crawled 19 pages (at 4 pages/min), scraped 9 items (at 3 items/min)
2020-07-23 10:39:22 [scrapy.downloadermiddlewares.redirect] DEBUG: Redirecting (301) to <GET https://omim.org/entry/617995> from <GET http://omim.org/entry/617995>
2020-07-23 10:39:34 [scrapy.downloadermiddlewares.redirect] DEBUG: Redirecting (301) to <GET https://omim.org/entry/617994> from <GET http://omim.org/entry/617994>
2020-07-23 10:39:46 [scrapy.downloadermiddlewares.redirect] DEBUG: Redirecting (301) to <GET https://omim.org/entry/617993> from <GET http://omim.org/entry/617993>
2020-07-23 10:39:59 [scrapy.downloadermiddlewares.redirect] DEBUG: Redirecting (301) to <GET https://omim.org/entry/617992> from <GET http://omim.org/entry/617992>
2020-07-23 10:40:11 [scrapy.extensions.logstats] INFO: Crawled 19 pages (at 0 pages/min), scraped 9 items (at 0 items/min)
2020-07-23 10:40:15 [scrapy.downloadermiddlewares.redirect] DEBUG: Redirecting (301) to <GET https://omim.org/entry/617991> from <GET http://omim.org/entry/617991>
2020-07-23 10:40:31 [scrapy.core.engine] DEBUG: Crawled (200) <GET https://omim.org/entry/617996> (referer: None)
2020-07-23 10:40:31 [scrapy.core.scraper] ERROR: Spider error processing <GET https://omim.org/entry/617996> (referer: None)
Traceback (most recent call last):
  File "/home/lixuefei/Software/anaconda2/lib/python2.7/site-packages/scrapy/utils/defer.py", line 102, in iter_errback
    yield next(it)
  File "/home/lixuefei/Software/anaconda2/lib/python2.7/site-packages/scrapy/core/spidermw.py", line 84, in evaluate_iterable
    for r in iterable:
  File "/home/lixuefei/Software/anaconda2/lib/python2.7/site-packages/scrapy/spidermiddlewares/offsite.py", line 29, in process_spider_output
    for x in result:
  File "/home/lixuefei/Software/anaconda2/lib/python2.7/site-packages/scrapy/core/spidermw.py", line 84, in evaluate_iterable
    for r in iterable:
  File "/home/lixuefei/Software/anaconda2/lib/python2.7/site-packages/scrapy/spidermiddlewares/referer.py", line 339, in <genexpr>
    return (_set_referer(r) for r in result or ())
  File "/home/lixuefei/Software/anaconda2/lib/python2.7/site-packages/scrapy/core/spidermw.py", line 84, in evaluate_iterable
    for r in iterable:
  File "/home/lixuefei/Software/anaconda2/lib/python2.7/site-packages/scrapy/spidermiddlewares/urllength.py", line 37, in <genexpr>
    return (r for r in result or () if _filter(r))
  File "/home/lixuefei/Software/anaconda2/lib/python2.7/site-packages/scrapy/core/spidermw.py", line 84, in evaluate_iterable
    for r in iterable:
  File "/home/lixuefei/Software/anaconda2/lib/python2.7/site-packages/scrapy/spidermiddlewares/depth.py", line 58, in <genexpr>
    return (r for r in result or () if _filter(r))
  File "/home/lixuefei/Pipeline/Scrapy/OMIMCrawler/OMIMCrawler/spiders/omim_spider.py", line 99, in parse_content
    if items.get(index_dict[i]):
KeyError: 0
2020-07-23 10:40:39 [scrapy.core.engine] DEBUG: Crawled (200) <GET https://omim.org/entry/617995> (referer: None)
2020-07-23 10:40:40 [scrapy.core.scraper] ERROR: Spider error processing <GET https://omim.org/entry/617995> (referer: None)
Traceback (most recent call last):
  File "/home/lixuefei/Software/anaconda2/lib/python2.7/site-packages/scrapy/utils/defer.py", line 102, in iter_errback
    yield next(it)
  File "/home/lixuefei/Software/anaconda2/lib/python2.7/site-packages/scrapy/core/spidermw.py", line 84, in evaluate_iterable
    for r in iterable:
  File "/home/lixuefei/Software/anaconda2/lib/python2.7/site-packages/scrapy/spidermiddlewares/offsite.py", line 29, in process_spider_output
    for x in result:
  File "/home/lixuefei/Software/anaconda2/lib/python2.7/site-packages/scrapy/core/spidermw.py", line 84, in evaluate_iterable
    for r in iterable:
  File "/home/lixuefei/Software/anaconda2/lib/python2.7/site-packages/scrapy/spidermiddlewares/referer.py", line 339, in <genexpr>
    return (_set_referer(r) for r in result or ())
  File "/home/lixuefei/Software/anaconda2/lib/python2.7/site-packages/scrapy/core/spidermw.py", line 84, in evaluate_iterable
    for r in iterable:
  File "/home/lixuefei/Software/anaconda2/lib/python2.7/site-packages/scrapy/spidermiddlewares/urllength.py", line 37, in <genexpr>
    return (r for r in result or () if _filter(r))
  File "/home/lixuefei/Software/anaconda2/lib/python2.7/site-packages/scrapy/core/spidermw.py", line 84, in evaluate_iterable
    for r in iterable:
  File "/home/lixuefei/Software/anaconda2/lib/python2.7/site-packages/scrapy/spidermiddlewares/depth.py", line 58, in <genexpr>
    return (r for r in result or () if _filter(r))
  File "/home/lixuefei/Pipeline/Scrapy/OMIMCrawler/OMIMCrawler/spiders/omim_spider.py", line 99, in parse_content
    if items.get(index_dict[i]):
KeyError: 0
2020-07-23 10:40:57 [scrapy.core.engine] DEBUG: Crawled (200) <GET https://omim.org/entry/617994> (referer: None)
2020-07-23 10:40:57 [scrapy.core.scraper] ERROR: Spider error processing <GET https://omim.org/entry/617994> (referer: None)
Traceback (most recent call last):
  File "/home/lixuefei/Software/anaconda2/lib/python2.7/site-packages/scrapy/utils/defer.py", line 102, in iter_errback
    yield next(it)
  File "/home/lixuefei/Software/anaconda2/lib/python2.7/site-packages/scrapy/core/spidermw.py", line 84, in evaluate_iterable
    for r in iterable:
  File "/home/lixuefei/Software/anaconda2/lib/python2.7/site-packages/scrapy/spidermiddlewares/offsite.py", line 29, in process_spider_output
    for x in result:
  File "/home/lixuefei/Software/anaconda2/lib/python2.7/site-packages/scrapy/core/spidermw.py", line 84, in evaluate_iterable
    for r in iterable:
  File "/home/lixuefei/Software/anaconda2/lib/python2.7/site-packages/scrapy/spidermiddlewares/referer.py", line 339, in <genexpr>
    return (_set_referer(r) for r in result or ())
  File "/home/lixuefei/Software/anaconda2/lib/python2.7/site-packages/scrapy/core/spidermw.py", line 84, in evaluate_iterable
    for r in iterable:
  File "/home/lixuefei/Software/anaconda2/lib/python2.7/site-packages/scrapy/spidermiddlewares/urllength.py", line 37, in <genexpr>
    return (r for r in result or () if _filter(r))
  File "/home/lixuefei/Software/anaconda2/lib/python2.7/site-packages/scrapy/core/spidermw.py", line 84, in evaluate_iterable
    for r in iterable:
  File "/home/lixuefei/Software/anaconda2/lib/python2.7/site-packages/scrapy/spidermiddlewares/depth.py", line 58, in <genexpr>
    return (r for r in result or () if _filter(r))
  File "/home/lixuefei/Pipeline/Scrapy/OMIMCrawler/OMIMCrawler/spiders/omim_spider.py", line 99, in parse_content
    if items.get(index_dict[i]):
KeyError: 0
2020-07-23 10:41:00 [scrapy.core.engine] DEBUG: Crawled (200) <GET https://omim.org/entry/617993> (referer: None)
2020-07-23 10:41:00 [scrapy.core.scraper] ERROR: Spider error processing <GET https://omim.org/entry/617993> (referer: None)
Traceback (most recent call last):
  File "/home/lixuefei/Software/anaconda2/lib/python2.7/site-packages/scrapy/utils/defer.py", line 102, in iter_errback
    yield next(it)
  File "/home/lixuefei/Software/anaconda2/lib/python2.7/site-packages/scrapy/core/spidermw.py", line 84, in evaluate_iterable
    for r in iterable:
  File "/home/lixuefei/Software/anaconda2/lib/python2.7/site-packages/scrapy/spidermiddlewares/offsite.py", line 29, in process_spider_output
    for x in result:
  File "/home/lixuefei/Software/anaconda2/lib/python2.7/site-packages/scrapy/core/spidermw.py", line 84, in evaluate_iterable
    for r in iterable:
  File "/home/lixuefei/Software/anaconda2/lib/python2.7/site-packages/scrapy/spidermiddlewares/referer.py", line 339, in <genexpr>
    return (_set_referer(r) for r in result or ())
  File "/home/lixuefei/Software/anaconda2/lib/python2.7/site-packages/scrapy/core/spidermw.py", line 84, in evaluate_iterable
    for r in iterable:
  File "/home/lixuefei/Software/anaconda2/lib/python2.7/site-packages/scrapy/spidermiddlewares/urllength.py", line 37, in <genexpr>
    return (r for r in result or () if _filter(r))
  File "/home/lixuefei/Software/anaconda2/lib/python2.7/site-packages/scrapy/core/spidermw.py", line 84, in evaluate_iterable
    for r in iterable:
  File "/home/lixuefei/Software/anaconda2/lib/python2.7/site-packages/scrapy/spidermiddlewares/depth.py", line 58, in <genexpr>
    return (r for r in result or () if _filter(r))
  File "/home/lixuefei/Pipeline/Scrapy/OMIMCrawler/OMIMCrawler/spiders/omim_spider.py", line 99, in parse_content
    if items.get(index_dict[i]):
KeyError: 0
2020-07-23 10:41:09 [scrapy.core.engine] DEBUG: Crawled (200) <GET https://omim.org/entry/617992> (referer: None)
2020-07-23 10:41:10 [scrapy.core.scraper] ERROR: Spider error processing <GET https://omim.org/entry/617992> (referer: None)
Traceback (most recent call last):
  File "/home/lixuefei/Software/anaconda2/lib/python2.7/site-packages/scrapy/utils/defer.py", line 102, in iter_errback
    yield next(it)
  File "/home/lixuefei/Software/anaconda2/lib/python2.7/site-packages/scrapy/core/spidermw.py", line 84, in evaluate_iterable
    for r in iterable:
  File "/home/lixuefei/Software/anaconda2/lib/python2.7/site-packages/scrapy/spidermiddlewares/offsite.py", line 29, in process_spider_output
    for x in result:
  File "/home/lixuefei/Software/anaconda2/lib/python2.7/site-packages/scrapy/core/spidermw.py", line 84, in evaluate_iterable
    for r in iterable:
  File "/home/lixuefei/Software/anaconda2/lib/python2.7/site-packages/scrapy/spidermiddlewares/referer.py", line 339, in <genexpr>
    return (_set_referer(r) for r in result or ())
  File "/home/lixuefei/Software/anaconda2/lib/python2.7/site-packages/scrapy/core/spidermw.py", line 84, in evaluate_iterable
    for r in iterable:
  File "/home/lixuefei/Software/anaconda2/lib/python2.7/site-packages/scrapy/spidermiddlewares/urllength.py", line 37, in <genexpr>
    return (r for r in result or () if _filter(r))
  File "/home/lixuefei/Software/anaconda2/lib/python2.7/site-packages/scrapy/core/spidermw.py", line 84, in evaluate_iterable
    for r in iterable:
  File "/home/lixuefei/Software/anaconda2/lib/python2.7/site-packages/scrapy/spidermiddlewares/depth.py", line 58, in <genexpr>
    return (r for r in result or () if _filter(r))
  File "/home/lixuefei/Pipeline/Scrapy/OMIMCrawler/OMIMCrawler/spiders/omim_spider.py", line 99, in parse_content
    if items.get(index_dict[i]):
KeyError: 0
2020-07-23 10:41:11 [scrapy.extensions.logstats] INFO: Crawled 24 pages (at 5 pages/min), scraped 9 items (at 0 items/min)
2020-07-23 10:41:22 [scrapy.core.engine] DEBUG: Crawled (200) <GET https://omim.org/entry/617991> (referer: None)
2020-07-23 10:41:22 [scrapy.core.scraper] ERROR: Spider error processing <GET https://omim.org/entry/617991> (referer: None)
Traceback (most recent call last):
  File "/home/lixuefei/Software/anaconda2/lib/python2.7/site-packages/scrapy/utils/defer.py", line 102, in iter_errback
    yield next(it)
  File "/home/lixuefei/Software/anaconda2/lib/python2.7/site-packages/scrapy/core/spidermw.py", line 84, in evaluate_iterable
    for r in iterable:
  File "/home/lixuefei/Software/anaconda2/lib/python2.7/site-packages/scrapy/spidermiddlewares/offsite.py", line 29, in process_spider_output
    for x in result:
  File "/home/lixuefei/Software/anaconda2/lib/python2.7/site-packages/scrapy/core/spidermw.py", line 84, in evaluate_iterable
    for r in iterable:
  File "/home/lixuefei/Software/anaconda2/lib/python2.7/site-packages/scrapy/spidermiddlewares/referer.py", line 339, in <genexpr>
    return (_set_referer(r) for r in result or ())
  File "/home/lixuefei/Software/anaconda2/lib/python2.7/site-packages/scrapy/core/spidermw.py", line 84, in evaluate_iterable
    for r in iterable:
  File "/home/lixuefei/Software/anaconda2/lib/python2.7/site-packages/scrapy/spidermiddlewares/urllength.py", line 37, in <genexpr>
    return (r for r in result or () if _filter(r))
  File "/home/lixuefei/Software/anaconda2/lib/python2.7/site-packages/scrapy/core/spidermw.py", line 84, in evaluate_iterable
    for r in iterable:
  File "/home/lixuefei/Software/anaconda2/lib/python2.7/site-packages/scrapy/spidermiddlewares/depth.py", line 58, in <genexpr>
    return (r for r in result or () if _filter(r))
  File "/home/lixuefei/Pipeline/Scrapy/OMIMCrawler/OMIMCrawler/spiders/omim_spider.py", line 99, in parse_content
    if items.get(index_dict[i]):
KeyError: 0
2020-07-23 10:41:32 [scrapy.downloadermiddlewares.redirect] DEBUG: Redirecting (301) to <GET https://omim.org/entry/617990> from <GET http://omim.org/entry/617990>
2020-07-23 10:41:45 [scrapy.downloadermiddlewares.redirect] DEBUG: Redirecting (301) to <GET https://omim.org/entry/617989> from <GET http://omim.org/entry/617989>
2020-07-23 10:42:00 [scrapy.downloadermiddlewares.redirect] DEBUG: Redirecting (301) to <GET https://omim.org/entry/617988> from <GET http://omim.org/entry/617988>
2020-07-23 10:42:11 [scrapy.extensions.logstats] INFO: Crawled 25 pages (at 1 pages/min), scraped 9 items (at 0 items/min)
2020-07-23 10:42:13 [scrapy.downloadermiddlewares.redirect] DEBUG: Redirecting (301) to <GET https://omim.org/entry/617987> from <GET http://omim.org/entry/617987>
2020-07-23 10:42:27 [scrapy.downloadermiddlewares.redirect] DEBUG: Redirecting (301) to <GET https://omim.org/entry/617986> from <GET http://omim.org/entry/617986>
2020-07-23 10:42:38 [scrapy.downloadermiddlewares.redirect] DEBUG: Redirecting (301) to <GET https://omim.org/entry/617985> from <GET http://omim.org/entry/617985>
2020-07-23 10:42:54 [scrapy.core.engine] DEBUG: Crawled (200) <GET https://omim.org/entry/617990> (referer: None)
2020-07-23 10:42:54 [scrapy.core.scraper] DEBUG: Scraped from <200 https://omim.org/entry/617990>
{'omim_id': u'* 617990',
 'omim_name': u'N-ALPHA-ACETYLTRANSFERASE 38, NatC AUXILIARY SUBUNIT; NAA38',
 'omim_url': 'https://omim.org/entry/617990'}
2020-07-23 10:43:05 [scrapy.core.engine] DEBUG: Crawled (200) <GET https://omim.org/entry/617989> (referer: None)
2020-07-23 10:43:06 [scrapy.core.scraper] DEBUG: Scraped from <200 https://omim.org/entry/617989>
{'omim_id': u'* 617989',
 'omim_name': u'N-ALPHA-ACETYLTRANSFERASE 30, NatC CATALYTIC SUBUNIT; NAA30',
 'omim_url': 'https://omim.org/entry/617989'}
2020-07-23 10:43:11 [scrapy.extensions.logstats] INFO: Crawled 27 pages (at 2 pages/min), scraped 11 items (at 2 items/min)
2020-07-23 10:43:11 [scrapy.core.engine] DEBUG: Crawled (200) <GET https://omim.org/entry/617988> (referer: None)
2020-07-23 10:43:11 [scrapy.core.scraper] ERROR: Spider error processing <GET https://omim.org/entry/617988> (referer: None)
Traceback (most recent call last):
  File "/home/lixuefei/Software/anaconda2/lib/python2.7/site-packages/scrapy/utils/defer.py", line 102, in iter_errback
    yield next(it)
  File "/home/lixuefei/Software/anaconda2/lib/python2.7/site-packages/scrapy/core/spidermw.py", line 84, in evaluate_iterable
    for r in iterable:
  File "/home/lixuefei/Software/anaconda2/lib/python2.7/site-packages/scrapy/spidermiddlewares/offsite.py", line 29, in process_spider_output
    for x in result:
  File "/home/lixuefei/Software/anaconda2/lib/python2.7/site-packages/scrapy/core/spidermw.py", line 84, in evaluate_iterable
    for r in iterable:
  File "/home/lixuefei/Software/anaconda2/lib/python2.7/site-packages/scrapy/spidermiddlewares/referer.py", line 339, in <genexpr>
    return (_set_referer(r) for r in result or ())
  File "/home/lixuefei/Software/anaconda2/lib/python2.7/site-packages/scrapy/core/spidermw.py", line 84, in evaluate_iterable
    for r in iterable:
  File "/home/lixuefei/Software/anaconda2/lib/python2.7/site-packages/scrapy/spidermiddlewares/urllength.py", line 37, in <genexpr>
    return (r for r in result or () if _filter(r))
  File "/home/lixuefei/Software/anaconda2/lib/python2.7/site-packages/scrapy/core/spidermw.py", line 84, in evaluate_iterable
    for r in iterable:
  File "/home/lixuefei/Software/anaconda2/lib/python2.7/site-packages/scrapy/spidermiddlewares/depth.py", line 58, in <genexpr>
    return (r for r in result or () if _filter(r))
  File "/home/lixuefei/Pipeline/Scrapy/OMIMCrawler/OMIMCrawler/spiders/omim_spider.py", line 99, in parse_content
    if items.get(index_dict[i]):
KeyError: 0
2020-07-23 10:43:26 [scrapy.core.engine] DEBUG: Crawled (200) <GET https://omim.org/entry/617987> (referer: None)
2020-07-23 10:43:26 [scrapy.core.scraper] DEBUG: Scraped from <200 https://omim.org/entry/617987>
{'omim_id': u'* 617987',
 'omim_name': u'EEF1A LYSINE AND N-TERMINAL METHYLTRANSFERASE; EEF1AKNMT',
 'omim_url': 'https://omim.org/entry/617987'}
2020-07-23 10:43:38 [scrapy.core.engine] DEBUG: Crawled (200) <GET https://omim.org/entry/617986> (referer: None)
2020-07-23 10:43:38 [scrapy.core.scraper] DEBUG: Scraped from <200 https://omim.org/entry/617986>
{'omim_id': u'* 617986',
 'omim_name': u'LOW DENSITY LIPOPROTEIN RECEPTOR CLASS A DOMAIN-CONTAINING PROTEIN 3; LDLRAD3',
 'omim_url': 'https://omim.org/entry/617986'}
2020-07-23 10:43:44 [scrapy.core.engine] DEBUG: Crawled (200) <GET https://omim.org/entry/617985> (referer: None)
2020-07-23 10:43:44 [scrapy.core.scraper] ERROR: Spider error processing <GET https://omim.org/entry/617985> (referer: None)
Traceback (most recent call last):
  File "/home/lixuefei/Software/anaconda2/lib/python2.7/site-packages/scrapy/utils/defer.py", line 102, in iter_errback
    yield next(it)
  File "/home/lixuefei/Software/anaconda2/lib/python2.7/site-packages/scrapy/core/spidermw.py", line 84, in evaluate_iterable
    for r in iterable:
  File "/home/lixuefei/Software/anaconda2/lib/python2.7/site-packages/scrapy/spidermiddlewares/offsite.py", line 29, in process_spider_output
    for x in result:
  File "/home/lixuefei/Software/anaconda2/lib/python2.7/site-packages/scrapy/core/spidermw.py", line 84, in evaluate_iterable
    for r in iterable:
  File "/home/lixuefei/Software/anaconda2/lib/python2.7/site-packages/scrapy/spidermiddlewares/referer.py", line 339, in <genexpr>
    return (_set_referer(r) for r in result or ())
  File "/home/lixuefei/Software/anaconda2/lib/python2.7/site-packages/scrapy/core/spidermw.py", line 84, in evaluate_iterable
    for r in iterable:
  File "/home/lixuefei/Software/anaconda2/lib/python2.7/site-packages/scrapy/spidermiddlewares/urllength.py", line 37, in <genexpr>
    return (r for r in result or () if _filter(r))
  File "/home/lixuefei/Software/anaconda2/lib/python2.7/site-packages/scrapy/core/spidermw.py", line 84, in evaluate_iterable
    for r in iterable:
  File "/home/lixuefei/Software/anaconda2/lib/python2.7/site-packages/scrapy/spidermiddlewares/depth.py", line 58, in <genexpr>
    return (r for r in result or () if _filter(r))
  File "/home/lixuefei/Pipeline/Scrapy/OMIMCrawler/OMIMCrawler/spiders/omim_spider.py", line 99, in parse_content
    if items.get(index_dict[i]):
KeyError: 0
2020-07-23 10:43:58 [scrapy.downloadermiddlewares.redirect] DEBUG: Redirecting (301) to <GET https://omim.org/entry/617984> from <GET http://omim.org/entry/617984>
2020-07-23 10:44:11 [scrapy.extensions.logstats] INFO: Crawled 31 pages (at 4 pages/min), scraped 13 items (at 2 items/min)
2020-07-23 10:44:12 [scrapy.downloadermiddlewares.redirect] DEBUG: Redirecting (301) to <GET https://omim.org/entry/617983> from <GET http://omim.org/entry/617983>
2020-07-23 10:44:27 [scrapy.downloadermiddlewares.redirect] DEBUG: Redirecting (301) to <GET https://omim.org/entry/617982> from <GET http://omim.org/entry/617982>
2020-07-23 10:44:36 [scrapy.downloadermiddlewares.redirect] DEBUG: Redirecting (301) to <GET https://omim.org/entry/617981> from <GET http://omim.org/entry/617981>
2020-07-23 10:44:50 [scrapy.downloadermiddlewares.redirect] DEBUG: Redirecting (301) to <GET https://omim.org/entry/617980> from <GET http://omim.org/entry/617980>
2020-07-23 10:45:01 [scrapy.downloadermiddlewares.redirect] DEBUG: Redirecting (301) to <GET https://omim.org/entry/617979> from <GET http://omim.org/entry/617979>
2020-07-23 10:45:11 [scrapy.extensions.logstats] INFO: Crawled 31 pages (at 0 pages/min), scraped 13 items (at 0 items/min)
2020-07-23 10:45:17 [scrapy.core.engine] DEBUG: Crawled (200) <GET https://omim.org/entry/617984> (referer: None)
2020-07-23 10:45:17 [scrapy.core.scraper] ERROR: Spider error processing <GET https://omim.org/entry/617984> (referer: None)
Traceback (most recent call last):
  File "/home/lixuefei/Software/anaconda2/lib/python2.7/site-packages/scrapy/utils/defer.py", line 102, in iter_errback
    yield next(it)
  File "/home/lixuefei/Software/anaconda2/lib/python2.7/site-packages/scrapy/core/spidermw.py", line 84, in evaluate_iterable
    for r in iterable:
  File "/home/lixuefei/Software/anaconda2/lib/python2.7/site-packages/scrapy/spidermiddlewares/offsite.py", line 29, in process_spider_output
    for x in result:
  File "/home/lixuefei/Software/anaconda2/lib/python2.7/site-packages/scrapy/core/spidermw.py", line 84, in evaluate_iterable
    for r in iterable:
  File "/home/lixuefei/Software/anaconda2/lib/python2.7/site-packages/scrapy/spidermiddlewares/referer.py", line 339, in <genexpr>
    return (_set_referer(r) for r in result or ())
  File "/home/lixuefei/Software/anaconda2/lib/python2.7/site-packages/scrapy/core/spidermw.py", line 84, in evaluate_iterable
    for r in iterable:
  File "/home/lixuefei/Software/anaconda2/lib/python2.7/site-packages/scrapy/spidermiddlewares/urllength.py", line 37, in <genexpr>
    return (r for r in result or () if _filter(r))
  File "/home/lixuefei/Software/anaconda2/lib/python2.7/site-packages/scrapy/core/spidermw.py", line 84, in evaluate_iterable
    for r in iterable:
  File "/home/lixuefei/Software/anaconda2/lib/python2.7/site-packages/scrapy/spidermiddlewares/depth.py", line 58, in <genexpr>
    return (r for r in result or () if _filter(r))
  File "/home/lixuefei/Pipeline/Scrapy/OMIMCrawler/OMIMCrawler/spiders/omim_spider.py", line 99, in parse_content
    if items.get(index_dict[i]):
KeyError: 0
2020-07-23 10:45:27 [scrapy.core.engine] DEBUG: Crawled (200) <GET https://omim.org/entry/617983> (referer: None)
2020-07-23 10:45:27 [scrapy.core.scraper] ERROR: Spider error processing <GET https://omim.org/entry/617983> (referer: None)
Traceback (most recent call last):
  File "/home/lixuefei/Software/anaconda2/lib/python2.7/site-packages/scrapy/utils/defer.py", line 102, in iter_errback
    yield next(it)
  File "/home/lixuefei/Software/anaconda2/lib/python2.7/site-packages/scrapy/core/spidermw.py", line 84, in evaluate_iterable
    for r in iterable:
  File "/home/lixuefei/Software/anaconda2/lib/python2.7/site-packages/scrapy/spidermiddlewares/offsite.py", line 29, in process_spider_output
    for x in result:
  File "/home/lixuefei/Software/anaconda2/lib/python2.7/site-packages/scrapy/core/spidermw.py", line 84, in evaluate_iterable
    for r in iterable:
  File "/home/lixuefei/Software/anaconda2/lib/python2.7/site-packages/scrapy/spidermiddlewares/referer.py", line 339, in <genexpr>
    return (_set_referer(r) for r in result or ())
  File "/home/lixuefei/Software/anaconda2/lib/python2.7/site-packages/scrapy/core/spidermw.py", line 84, in evaluate_iterable
    for r in iterable:
  File "/home/lixuefei/Software/anaconda2/lib/python2.7/site-packages/scrapy/spidermiddlewares/urllength.py", line 37, in <genexpr>
    return (r for r in result or () if _filter(r))
  File "/home/lixuefei/Software/anaconda2/lib/python2.7/site-packages/scrapy/core/spidermw.py", line 84, in evaluate_iterable
    for r in iterable:
  File "/home/lixuefei/Software/anaconda2/lib/python2.7/site-packages/scrapy/spidermiddlewares/depth.py", line 58, in <genexpr>
    return (r for r in result or () if _filter(r))
  File "/home/lixuefei/Pipeline/Scrapy/OMIMCrawler/OMIMCrawler/spiders/omim_spider.py", line 99, in parse_content
    if items.get(index_dict[i]):
KeyError: 0
2020-07-23 10:45:57 [scrapy.core.engine] DEBUG: Crawled (200) <GET https://omim.org/entry/617981> (referer: None)
2020-07-23 10:45:57 [scrapy.core.scraper] ERROR: Spider error processing <GET https://omim.org/entry/617981> (referer: None)
Traceback (most recent call last):
  File "/home/lixuefei/Software/anaconda2/lib/python2.7/site-packages/scrapy/utils/defer.py", line 102, in iter_errback
    yield next(it)
  File "/home/lixuefei/Software/anaconda2/lib/python2.7/site-packages/scrapy/core/spidermw.py", line 84, in evaluate_iterable
    for r in iterable:
  File "/home/lixuefei/Software/anaconda2/lib/python2.7/site-packages/scrapy/spidermiddlewares/offsite.py", line 29, in process_spider_output
    for x in result:
  File "/home/lixuefei/Software/anaconda2/lib/python2.7/site-packages/scrapy/core/spidermw.py", line 84, in evaluate_iterable
    for r in iterable:
  File "/home/lixuefei/Software/anaconda2/lib/python2.7/site-packages/scrapy/spidermiddlewares/referer.py", line 339, in <genexpr>
    return (_set_referer(r) for r in result or ())
  File "/home/lixuefei/Software/anaconda2/lib/python2.7/site-packages/scrapy/core/spidermw.py", line 84, in evaluate_iterable
    for r in iterable:
  File "/home/lixuefei/Software/anaconda2/lib/python2.7/site-packages/scrapy/spidermiddlewares/urllength.py", line 37, in <genexpr>
    return (r for r in result or () if _filter(r))
  File "/home/lixuefei/Software/anaconda2/lib/python2.7/site-packages/scrapy/core/spidermw.py", line 84, in evaluate_iterable
    for r in iterable:
  File "/home/lixuefei/Software/anaconda2/lib/python2.7/site-packages/scrapy/spidermiddlewares/depth.py", line 58, in <genexpr>
    return (r for r in result or () if _filter(r))
  File "/home/lixuefei/Pipeline/Scrapy/OMIMCrawler/OMIMCrawler/spiders/omim_spider.py", line 99, in parse_content
    if items.get(index_dict[i]):
KeyError: 0
2020-07-23 10:46:00 [scrapy.core.engine] DEBUG: Crawled (200) <GET https://omim.org/entry/617982> (referer: None)
2020-07-23 10:46:00 [scrapy.core.scraper] ERROR: Spider error processing <GET https://omim.org/entry/617982> (referer: None)
Traceback (most recent call last):
  File "/home/lixuefei/Software/anaconda2/lib/python2.7/site-packages/scrapy/utils/defer.py", line 102, in iter_errback
    yield next(it)
  File "/home/lixuefei/Software/anaconda2/lib/python2.7/site-packages/scrapy/core/spidermw.py", line 84, in evaluate_iterable
    for r in iterable:
  File "/home/lixuefei/Software/anaconda2/lib/python2.7/site-packages/scrapy/spidermiddlewares/offsite.py", line 29, in process_spider_output
    for x in result:
  File "/home/lixuefei/Software/anaconda2/lib/python2.7/site-packages/scrapy/core/spidermw.py", line 84, in evaluate_iterable
    for r in iterable:
  File "/home/lixuefei/Software/anaconda2/lib/python2.7/site-packages/scrapy/spidermiddlewares/referer.py", line 339, in <genexpr>
    return (_set_referer(r) for r in result or ())
  File "/home/lixuefei/Software/anaconda2/lib/python2.7/site-packages/scrapy/core/spidermw.py", line 84, in evaluate_iterable
    for r in iterable:
  File "/home/lixuefei/Software/anaconda2/lib/python2.7/site-packages/scrapy/spidermiddlewares/urllength.py", line 37, in <genexpr>
    return (r for r in result or () if _filter(r))
  File "/home/lixuefei/Software/anaconda2/lib/python2.7/site-packages/scrapy/core/spidermw.py", line 84, in evaluate_iterable
    for r in iterable:
  File "/home/lixuefei/Software/anaconda2/lib/python2.7/site-packages/scrapy/spidermiddlewares/depth.py", line 58, in <genexpr>
    return (r for r in result or () if _filter(r))
  File "/home/lixuefei/Pipeline/Scrapy/OMIMCrawler/OMIMCrawler/spiders/omim_spider.py", line 99, in parse_content
    if items.get(index_dict[i]):
KeyError: 0
2020-07-23 10:46:11 [scrapy.extensions.logstats] INFO: Crawled 35 pages (at 4 pages/min), scraped 13 items (at 0 items/min)
2020-07-23 10:46:13 [scrapy.core.engine] DEBUG: Crawled (200) <GET https://omim.org/entry/617980> (referer: None)
2020-07-23 10:46:14 [scrapy.core.scraper] ERROR: Spider error processing <GET https://omim.org/entry/617980> (referer: None)
Traceback (most recent call last):
  File "/home/lixuefei/Software/anaconda2/lib/python2.7/site-packages/scrapy/utils/defer.py", line 102, in iter_errback
    yield next(it)
  File "/home/lixuefei/Software/anaconda2/lib/python2.7/site-packages/scrapy/core/spidermw.py", line 84, in evaluate_iterable
    for r in iterable:
  File "/home/lixuefei/Software/anaconda2/lib/python2.7/site-packages/scrapy/spidermiddlewares/offsite.py", line 29, in process_spider_output
    for x in result:
  File "/home/lixuefei/Software/anaconda2/lib/python2.7/site-packages/scrapy/core/spidermw.py", line 84, in evaluate_iterable
    for r in iterable:
  File "/home/lixuefei/Software/anaconda2/lib/python2.7/site-packages/scrapy/spidermiddlewares/referer.py", line 339, in <genexpr>
    return (_set_referer(r) for r in result or ())
  File "/home/lixuefei/Software/anaconda2/lib/python2.7/site-packages/scrapy/core/spidermw.py", line 84, in evaluate_iterable
    for r in iterable:
  File "/home/lixuefei/Software/anaconda2/lib/python2.7/site-packages/scrapy/spidermiddlewares/urllength.py", line 37, in <genexpr>
    return (r for r in result or () if _filter(r))
  File "/home/lixuefei/Software/anaconda2/lib/python2.7/site-packages/scrapy/core/spidermw.py", line 84, in evaluate_iterable
    for r in iterable:
  File "/home/lixuefei/Software/anaconda2/lib/python2.7/site-packages/scrapy/spidermiddlewares/depth.py", line 58, in <genexpr>
    return (r for r in result or () if _filter(r))
  File "/home/lixuefei/Pipeline/Scrapy/OMIMCrawler/OMIMCrawler/spiders/omim_spider.py", line 99, in parse_content
    if items.get(index_dict[i]):
KeyError: 0
2020-07-23 10:46:29 [scrapy.core.engine] DEBUG: Crawled (200) <GET https://omim.org/entry/617979> (referer: None)
2020-07-23 10:46:29 [scrapy.core.scraper] DEBUG: Scraped from <200 https://omim.org/entry/617979>
{'omim_id': u'* 617979',
 'omim_name': u'LONG NONCODING RNA NEAR ACOD1',
 'omim_url': 'https://omim.org/entry/617979'}
2020-07-23 10:46:31 [scrapy.downloadermiddlewares.redirect] DEBUG: Redirecting (301) to <GET https://omim.org/entry/617978> from <GET http://omim.org/entry/617978>
2020-07-23 10:46:39 [scrapy.downloadermiddlewares.redirect] DEBUG: Redirecting (301) to <GET https://omim.org/entry/617977> from <GET http://omim.org/entry/617977>
2020-07-23 10:46:44 [scrapy.downloadermiddlewares.redirect] DEBUG: Redirecting (301) to <GET https://omim.org/entry/617976> from <GET http://omim.org/entry/617976>
2020-07-23 10:46:53 [scrapy.downloadermiddlewares.redirect] DEBUG: Redirecting (301) to <GET https://omim.org/entry/617975> from <GET http://omim.org/entry/617975>
2020-07-23 10:47:07 [scrapy.downloadermiddlewares.redirect] DEBUG: Redirecting (301) to <GET https://omim.org/entry/617974> from <GET http://omim.org/entry/617974>
2020-07-23 10:47:11 [scrapy.extensions.logstats] INFO: Crawled 37 pages (at 2 pages/min), scraped 14 items (at 1 items/min)
2020-07-23 10:47:27 [scrapy.core.engine] DEBUG: Crawled (200) <GET https://omim.org/entry/617978> (referer: None)
2020-07-23 10:47:27 [scrapy.core.scraper] DEBUG: Scraped from <200 https://omim.org/entry/617978>
{'omim_id': u'* 617978',
 'omim_name': u'FAMILY WITH SEQUENCE SIMILARITY 49, MEMBER B; FAM49B',
 'omim_url': 'https://omim.org/entry/617978'}
2020-07-23 10:47:32 [scrapy.downloadermiddlewares.redirect] DEBUG: Redirecting (301) to <GET https://omim.org/entry/617973> from <GET http://omim.org/entry/617973>
2020-07-23 10:47:41 [scrapy.core.engine] DEBUG: Crawled (200) <GET https://omim.org/entry/617977> (referer: None)
2020-07-23 10:47:41 [scrapy.core.scraper] ERROR: Spider error processing <GET https://omim.org/entry/617977> (referer: None)
Traceback (most recent call last):
  File "/home/lixuefei/Software/anaconda2/lib/python2.7/site-packages/scrapy/utils/defer.py", line 102, in iter_errback
    yield next(it)
  File "/home/lixuefei/Software/anaconda2/lib/python2.7/site-packages/scrapy/core/spidermw.py", line 84, in evaluate_iterable
    for r in iterable:
  File "/home/lixuefei/Software/anaconda2/lib/python2.7/site-packages/scrapy/spidermiddlewares/offsite.py", line 29, in process_spider_output
    for x in result:
  File "/home/lixuefei/Software/anaconda2/lib/python2.7/site-packages/scrapy/core/spidermw.py", line 84, in evaluate_iterable
    for r in iterable:
  File "/home/lixuefei/Software/anaconda2/lib/python2.7/site-packages/scrapy/spidermiddlewares/referer.py", line 339, in <genexpr>
    return (_set_referer(r) for r in result or ())
  File "/home/lixuefei/Software/anaconda2/lib/python2.7/site-packages/scrapy/core/spidermw.py", line 84, in evaluate_iterable
    for r in iterable:
  File "/home/lixuefei/Software/anaconda2/lib/python2.7/site-packages/scrapy/spidermiddlewares/urllength.py", line 37, in <genexpr>
    return (r for r in result or () if _filter(r))
  File "/home/lixuefei/Software/anaconda2/lib/python2.7/site-packages/scrapy/core/spidermw.py", line 84, in evaluate_iterable
    for r in iterable:
  File "/home/lixuefei/Software/anaconda2/lib/python2.7/site-packages/scrapy/spidermiddlewares/depth.py", line 58, in <genexpr>
    return (r for r in result or () if _filter(r))
  File "/home/lixuefei/Pipeline/Scrapy/OMIMCrawler/OMIMCrawler/spiders/omim_spider.py", line 99, in parse_content
    if items.get(index_dict[i]):
KeyError: 0
2020-07-23 10:47:58 [scrapy.core.engine] DEBUG: Crawled (200) <GET https://omim.org/entry/617976> (referer: None)
2020-07-23 10:47:58 [scrapy.core.scraper] ERROR: Spider error processing <GET https://omim.org/entry/617976> (referer: None)
Traceback (most recent call last):
  File "/home/lixuefei/Software/anaconda2/lib/python2.7/site-packages/scrapy/utils/defer.py", line 102, in iter_errback
    yield next(it)
  File "/home/lixuefei/Software/anaconda2/lib/python2.7/site-packages/scrapy/core/spidermw.py", line 84, in evaluate_iterable
    for r in iterable:
  File "/home/lixuefei/Software/anaconda2/lib/python2.7/site-packages/scrapy/spidermiddlewares/offsite.py", line 29, in process_spider_output
    for x in result:
  File "/home/lixuefei/Software/anaconda2/lib/python2.7/site-packages/scrapy/core/spidermw.py", line 84, in evaluate_iterable
    for r in iterable:
  File "/home/lixuefei/Software/anaconda2/lib/python2.7/site-packages/scrapy/spidermiddlewares/referer.py", line 339, in <genexpr>
    return (_set_referer(r) for r in result or ())
  File "/home/lixuefei/Software/anaconda2/lib/python2.7/site-packages/scrapy/core/spidermw.py", line 84, in evaluate_iterable
    for r in iterable:
  File "/home/lixuefei/Software/anaconda2/lib/python2.7/site-packages/scrapy/spidermiddlewares/urllength.py", line 37, in <genexpr>
    return (r for r in result or () if _filter(r))
  File "/home/lixuefei/Software/anaconda2/lib/python2.7/site-packages/scrapy/core/spidermw.py", line 84, in evaluate_iterable
    for r in iterable:
  File "/home/lixuefei/Software/anaconda2/lib/python2.7/site-packages/scrapy/spidermiddlewares/depth.py", line 58, in <genexpr>
    return (r for r in result or () if _filter(r))
  File "/home/lixuefei/Pipeline/Scrapy/OMIMCrawler/OMIMCrawler/spiders/omim_spider.py", line 99, in parse_content
    if items.get(index_dict[i]):
KeyError: 0
2020-07-23 10:48:04 [scrapy.core.engine] DEBUG: Crawled (200) <GET https://omim.org/entry/617975> (referer: None)
2020-07-23 10:48:05 [scrapy.core.scraper] DEBUG: Scraped from <200 https://omim.org/entry/617975>
{'omim_id': u'* 617975',
 'omim_name': u'FAMILY WITH SEQUENCE SIMILARITY 210, MEMBER A; FAM210A',
 'omim_url': 'https://omim.org/entry/617975'}
2020-07-23 10:48:11 [scrapy.extensions.logstats] INFO: Crawled 41 pages (at 4 pages/min), scraped 16 items (at 2 items/min)
2020-07-23 10:48:20 [scrapy.core.engine] DEBUG: Crawled (200) <GET https://omim.org/entry/617974> (referer: None)
2020-07-23 10:48:21 [scrapy.core.scraper] ERROR: Spider error processing <GET https://omim.org/entry/617974> (referer: None)
Traceback (most recent call last):
  File "/home/lixuefei/Software/anaconda2/lib/python2.7/site-packages/scrapy/utils/defer.py", line 102, in iter_errback
    yield next(it)
  File "/home/lixuefei/Software/anaconda2/lib/python2.7/site-packages/scrapy/core/spidermw.py", line 84, in evaluate_iterable
    for r in iterable:
  File "/home/lixuefei/Software/anaconda2/lib/python2.7/site-packages/scrapy/spidermiddlewares/offsite.py", line 29, in process_spider_output
    for x in result:
  File "/home/lixuefei/Software/anaconda2/lib/python2.7/site-packages/scrapy/core/spidermw.py", line 84, in evaluate_iterable
    for r in iterable:
  File "/home/lixuefei/Software/anaconda2/lib/python2.7/site-packages/scrapy/spidermiddlewares/referer.py", line 339, in <genexpr>
    return (_set_referer(r) for r in result or ())
  File "/home/lixuefei/Software/anaconda2/lib/python2.7/site-packages/scrapy/core/spidermw.py", line 84, in evaluate_iterable
    for r in iterable:
  File "/home/lixuefei/Software/anaconda2/lib/python2.7/site-packages/scrapy/spidermiddlewares/urllength.py", line 37, in <genexpr>
    return (r for r in result or () if _filter(r))
  File "/home/lixuefei/Software/anaconda2/lib/python2.7/site-packages/scrapy/core/spidermw.py", line 84, in evaluate_iterable
    for r in iterable:
  File "/home/lixuefei/Software/anaconda2/lib/python2.7/site-packages/scrapy/spidermiddlewares/depth.py", line 58, in <genexpr>
    return (r for r in result or () if _filter(r))
  File "/home/lixuefei/Pipeline/Scrapy/OMIMCrawler/OMIMCrawler/spiders/omim_spider.py", line 99, in parse_content
    if items.get(index_dict[i]):
KeyError: 0
2020-07-23 10:48:34 [scrapy.downloadermiddlewares.redirect] DEBUG: Redirecting (301) to <GET https://omim.org/entry/617972> from <GET http://omim.org/entry/617972>
2020-07-23 10:48:48 [scrapy.core.engine] DEBUG: Crawled (200) <GET https://omim.org/entry/617973> (referer: None)
2020-07-23 10:48:48 [scrapy.core.scraper] ERROR: Spider error processing <GET https://omim.org/entry/617973> (referer: None)
Traceback (most recent call last):
  File "/home/lixuefei/Software/anaconda2/lib/python2.7/site-packages/scrapy/utils/defer.py", line 102, in iter_errback
    yield next(it)
  File "/home/lixuefei/Software/anaconda2/lib/python2.7/site-packages/scrapy/core/spidermw.py", line 84, in evaluate_iterable
    for r in iterable:
  File "/home/lixuefei/Software/anaconda2/lib/python2.7/site-packages/scrapy/spidermiddlewares/offsite.py", line 29, in process_spider_output
    for x in result:
  File "/home/lixuefei/Software/anaconda2/lib/python2.7/site-packages/scrapy/core/spidermw.py", line 84, in evaluate_iterable
    for r in iterable:
  File "/home/lixuefei/Software/anaconda2/lib/python2.7/site-packages/scrapy/spidermiddlewares/referer.py", line 339, in <genexpr>
    return (_set_referer(r) for r in result or ())
  File "/home/lixuefei/Software/anaconda2/lib/python2.7/site-packages/scrapy/core/spidermw.py", line 84, in evaluate_iterable
    for r in iterable:
  File "/home/lixuefei/Software/anaconda2/lib/python2.7/site-packages/scrapy/spidermiddlewares/urllength.py", line 37, in <genexpr>
    return (r for r in result or () if _filter(r))
  File "/home/lixuefei/Software/anaconda2/lib/python2.7/site-packages/scrapy/core/spidermw.py", line 84, in evaluate_iterable
    for r in iterable:
  File "/home/lixuefei/Software/anaconda2/lib/python2.7/site-packages/scrapy/spidermiddlewares/depth.py", line 58, in <genexpr>
    return (r for r in result or () if _filter(r))
  File "/home/lixuefei/Pipeline/Scrapy/OMIMCrawler/OMIMCrawler/spiders/omim_spider.py", line 99, in parse_content
    if items.get(index_dict[i]):
KeyError: 0
2020-07-23 10:48:59 [scrapy.downloadermiddlewares.redirect] DEBUG: Redirecting (301) to <GET https://omim.org/entry/617971> from <GET http://omim.org/entry/617971>
2020-07-23 10:49:06 [scrapy.downloadermiddlewares.redirect] DEBUG: Redirecting (301) to <GET https://omim.org/entry/617970> from <GET http://omim.org/entry/617970>
2020-07-23 10:49:11 [scrapy.extensions.logstats] INFO: Crawled 43 pages (at 2 pages/min), scraped 16 items (at 0 items/min)
2020-07-23 10:49:15 [scrapy.downloadermiddlewares.redirect] DEBUG: Redirecting (301) to <GET https://omim.org/entry/617969> from <GET http://omim.org/entry/617969>
2020-07-23 10:49:25 [scrapy.downloadermiddlewares.redirect] DEBUG: Redirecting (301) to <GET https://omim.org/entry/617968> from <GET http://omim.org/entry/617968>
2020-07-23 10:49:39 [scrapy.core.engine] DEBUG: Crawled (200) <GET https://omim.org/entry/617972> (referer: None)
2020-07-23 10:49:40 [scrapy.core.scraper] DEBUG: Scraped from <200 https://omim.org/entry/617972>
{'omim_id': u'* 617972',
 'omim_name': u'ZINC FINGER DHHC DOMAIN-CONTAINING PROTEIN 20; ZDHHC20',
 'omim_url': 'https://omim.org/entry/617972'}
2020-07-23 10:49:47 [scrapy.downloadermiddlewares.redirect] DEBUG: Redirecting (301) to <GET https://omim.org/entry/617966> from <GET http://omim.org/entry/617966>
2020-07-23 10:49:58 [scrapy.core.engine] DEBUG: Crawled (200) <GET https://omim.org/entry/617971> (referer: None)
2020-07-23 10:49:58 [scrapy.core.scraper] ERROR: Spider error processing <GET https://omim.org/entry/617971> (referer: None)
Traceback (most recent call last):
  File "/home/lixuefei/Software/anaconda2/lib/python2.7/site-packages/scrapy/utils/defer.py", line 102, in iter_errback
    yield next(it)
  File "/home/lixuefei/Software/anaconda2/lib/python2.7/site-packages/scrapy/core/spidermw.py", line 84, in evaluate_iterable
    for r in iterable:
  File "/home/lixuefei/Software/anaconda2/lib/python2.7/site-packages/scrapy/spidermiddlewares/offsite.py", line 29, in process_spider_output
    for x in result:
  File "/home/lixuefei/Software/anaconda2/lib/python2.7/site-packages/scrapy/core/spidermw.py", line 84, in evaluate_iterable
    for r in iterable:
  File "/home/lixuefei/Software/anaconda2/lib/python2.7/site-packages/scrapy/spidermiddlewares/referer.py", line 339, in <genexpr>
    return (_set_referer(r) for r in result or ())
  File "/home/lixuefei/Software/anaconda2/lib/python2.7/site-packages/scrapy/core/spidermw.py", line 84, in evaluate_iterable
    for r in iterable:
  File "/home/lixuefei/Software/anaconda2/lib/python2.7/site-packages/scrapy/spidermiddlewares/urllength.py", line 37, in <genexpr>
    return (r for r in result or () if _filter(r))
  File "/home/lixuefei/Software/anaconda2/lib/python2.7/site-packages/scrapy/core/spidermw.py", line 84, in evaluate_iterable
    for r in iterable:
  File "/home/lixuefei/Software/anaconda2/lib/python2.7/site-packages/scrapy/spidermiddlewares/depth.py", line 58, in <genexpr>
    return (r for r in result or () if _filter(r))
  File "/home/lixuefei/Pipeline/Scrapy/OMIMCrawler/OMIMCrawler/spiders/omim_spider.py", line 99, in parse_content
    if items.get(index_dict[i]):
KeyError: 0
2020-07-23 10:50:11 [scrapy.core.engine] DEBUG: Crawled (200) <GET https://omim.org/entry/617970> (referer: None)
2020-07-23 10:50:11 [scrapy.core.scraper] ERROR: Spider error processing <GET https://omim.org/entry/617970> (referer: None)
Traceback (most recent call last):
  File "/home/lixuefei/Software/anaconda2/lib/python2.7/site-packages/scrapy/utils/defer.py", line 102, in iter_errback
    yield next(it)
  File "/home/lixuefei/Software/anaconda2/lib/python2.7/site-packages/scrapy/core/spidermw.py", line 84, in evaluate_iterable
    for r in iterable:
  File "/home/lixuefei/Software/anaconda2/lib/python2.7/site-packages/scrapy/spidermiddlewares/offsite.py", line 29, in process_spider_output
    for x in result:
  File "/home/lixuefei/Software/anaconda2/lib/python2.7/site-packages/scrapy/core/spidermw.py", line 84, in evaluate_iterable
    for r in iterable:
  File "/home/lixuefei/Software/anaconda2/lib/python2.7/site-packages/scrapy/spidermiddlewares/referer.py", line 339, in <genexpr>
    return (_set_referer(r) for r in result or ())
  File "/home/lixuefei/Software/anaconda2/lib/python2.7/site-packages/scrapy/core/spidermw.py", line 84, in evaluate_iterable
    for r in iterable:
  File "/home/lixuefei/Software/anaconda2/lib/python2.7/site-packages/scrapy/spidermiddlewares/urllength.py", line 37, in <genexpr>
    return (r for r in result or () if _filter(r))
  File "/home/lixuefei/Software/anaconda2/lib/python2.7/site-packages/scrapy/core/spidermw.py", line 84, in evaluate_iterable
    for r in iterable:
  File "/home/lixuefei/Software/anaconda2/lib/python2.7/site-packages/scrapy/spidermiddlewares/depth.py", line 58, in <genexpr>
    return (r for r in result or () if _filter(r))
  File "/home/lixuefei/Pipeline/Scrapy/OMIMCrawler/OMIMCrawler/spiders/omim_spider.py", line 99, in parse_content
    if items.get(index_dict[i]):
KeyError: 0
2020-07-23 10:50:11 [scrapy.extensions.logstats] INFO: Crawled 46 pages (at 3 pages/min), scraped 17 items (at 1 items/min)
2020-07-23 10:50:23 [scrapy.core.engine] DEBUG: Crawled (200) <GET https://omim.org/entry/617969> (referer: None)
2020-07-23 10:50:24 [scrapy.core.scraper] DEBUG: Scraped from <200 https://omim.org/entry/617969>
{'omim_id': u'* 617969',
 'omim_name': u'COILED-COIL DOMAIN-CONTAINING PROTEIN 63; CCDC63',
 'omim_url': 'https://omim.org/entry/617969'}
2020-07-23 10:50:36 [scrapy.core.engine] DEBUG: Crawled (200) <GET https://omim.org/entry/617968> (referer: None)
2020-07-23 10:50:36 [scrapy.core.scraper] DEBUG: Scraped from <200 https://omim.org/entry/617968>
{'omim_id': u'* 617968',
 'omim_name': u'WD REPEAT-CONTAINING PROTEIN 63; WDR63',
 'omim_url': 'https://omim.org/entry/617968'}
2020-07-23 10:50:46 [scrapy.downloadermiddlewares.redirect] DEBUG: Redirecting (301) to <GET https://omim.org/entry/617965> from <GET http://omim.org/entry/617965>
2020-07-23 10:50:59 [scrapy.core.engine] DEBUG: Crawled (200) <GET https://omim.org/entry/617966> (referer: None)
2020-07-23 10:50:59 [scrapy.core.scraper] ERROR: Spider error processing <GET https://omim.org/entry/617966> (referer: None)
Traceback (most recent call last):
  File "/home/lixuefei/Software/anaconda2/lib/python2.7/site-packages/scrapy/utils/defer.py", line 102, in iter_errback
    yield next(it)
  File "/home/lixuefei/Software/anaconda2/lib/python2.7/site-packages/scrapy/core/spidermw.py", line 84, in evaluate_iterable
    for r in iterable:
  File "/home/lixuefei/Software/anaconda2/lib/python2.7/site-packages/scrapy/spidermiddlewares/offsite.py", line 29, in process_spider_output
    for x in result:
  File "/home/lixuefei/Software/anaconda2/lib/python2.7/site-packages/scrapy/core/spidermw.py", line 84, in evaluate_iterable
    for r in iterable:
  File "/home/lixuefei/Software/anaconda2/lib/python2.7/site-packages/scrapy/spidermiddlewares/referer.py", line 339, in <genexpr>
    return (_set_referer(r) for r in result or ())
  File "/home/lixuefei/Software/anaconda2/lib/python2.7/site-packages/scrapy/core/spidermw.py", line 84, in evaluate_iterable
    for r in iterable:
  File "/home/lixuefei/Software/anaconda2/lib/python2.7/site-packages/scrapy/spidermiddlewares/urllength.py", line 37, in <genexpr>
    return (r for r in result or () if _filter(r))
  File "/home/lixuefei/Software/anaconda2/lib/python2.7/site-packages/scrapy/core/spidermw.py", line 84, in evaluate_iterable
    for r in iterable:
  File "/home/lixuefei/Software/anaconda2/lib/python2.7/site-packages/scrapy/spidermiddlewares/depth.py", line 58, in <genexpr>
    return (r for r in result or () if _filter(r))
  File "/home/lixuefei/Pipeline/Scrapy/OMIMCrawler/OMIMCrawler/spiders/omim_spider.py", line 99, in parse_content
    if items.get(index_dict[i]):
KeyError: 0
